Removed Pin From Net: NetName=IR Pin=J001-01
Removed Pin From Net: NetName=SDA Pin=J001-02
Removed Pin From Net: NetName=SCL Pin=J001-03
Removed Pin From Net: NetName=VCC Pin=J001-04
Removed Pin From Net: NetName=GND Pin=J001-05
Removed Member From Class: ClassName=Slave_Board_Sch Member=J001
Added Component: Designator=H?(XH2.54M-5)
Add component (AddParameter): Name = "Chung_Loai"; Value = "C?m"; VariantName = "[No Variations]"
Add component (AddParameter): Name = "Don_Vi"; Value = "Con"; VariantName = "[No Variations]"
Add component (AddParameter): Name = "Ghi_Chu"; Value = ""; VariantName = "[No Variations]"
Add component (AddParameter): Name = "Kieu_Chan"; Value = ""; VariantName = "[No Variations]"
Add component (AddParameter): Name = "Ma_Hang"; Value = "MH001298"; VariantName = "[No Variations]"
Add component (AddParameter): Name = "Ten_Linh_Kien"; Value = "Header 5P XH2.54-5P Ð?c Th?ng"; VariantName = "[No Variations]"
Added Pin To Net: NetName=IR Pin=H?-1
Added Pin To Net: NetName=SDA Pin=H?-2
Added Pin To Net: NetName=SCL Pin=H?-3
Added Pin To Net: NetName=VCC Pin=H?-4
Added Pin To Net: NetName=GND Pin=H?-5
Added Member To Class: ClassName=Slave_Board_Sch Member=Component H? Header 5P 2.54 Duc Thang
Added Room: Name=Slave_Board_Sch
