Removed Pin From Net: NetName=VCC Pin=C2-1
Removed Pin From Net: NetName=GND Pin=C2-2
Removed Pin From Net: NetName=VCC Pin=C3-1
Removed Pin From Net: NetName=GND Pin=C3-2
Removed Pin From Net: NetName=VCC Pin=C4-1
Removed Pin From Net: NetName=GND Pin=C4-2
Removed Pin From Net: NetName=VCC Pin=C07-1
Removed Pin From Net: NetName=GND Pin=C07-2
Removed Pin From Net: NetName=Sig_1 Pin=IC1-2
Removed Pin From Net: NetName=NetC6_1 Pin=IC1-3
Removed Pin From Net: NetName=Sig_2 Pin=IC1-5
Removed Pin From Net: NetName=NetC9_1 Pin=IC1-6
Removed Member From Class: ClassName=signal_transfer_Sch Member=C2
Removed Member From Class: ClassName=signal_transfer_Sch Member=C3
Removed Member From Class: ClassName=signal_transfer_Sch Member=C4
Removed Member From Class: ClassName=signal_transfer_Sch Member=C07
Added Pin To Net: NetName=Sig_2 Pin=IC1-2
Added Pin To Net: NetName=NetC9_1 Pin=IC1-3
Added Pin To Net: NetName=Sig_1 Pin=IC1-5
Added Pin To Net: NetName=NetC6_1 Pin=IC1-6
Added Room: Name=signal_transfer_Sch
