Added Component: Designator=H?(XH2.54M-4)
Add component (AddParameter): Name = "Chung_Loai"; Value = "C?m"; VariantName = "[No Variations]"
Add component (AddParameter): Name = "Don_Vi"; Value = "Con"; VariantName = "[No Variations]"
Add component (AddParameter): Name = "Ghi_Chu"; Value = ""; VariantName = "[No Variations]"
Add component (AddParameter): Name = "Kieu_Chan"; Value = ""; VariantName = "[No Variations]"
Add component (AddParameter): Name = "Ma_Hang"; Value = "MH001285"; VariantName = "[No Variations]"
Add component (AddParameter): Name = "Ten_Linh_Kien"; Value = "Header 4P XH2.54-4P Ð?c Th?ng"; VariantName = "[No Variations]"
Added Component: Designator=IC1(SO14)
Add component (AddParameter): Name = "Value"; Value = "7408"; VariantName = "[No Variations]"
Added Component: Designator=IC2(SO14)
Add component (AddParameter): Name = "Value"; Value = "7408"; VariantName = "[No Variations]"
Added Component: Designator=L1(LED-5MM-Yellow)
Add component (AddParameter): Name = "Chung_Loai"; Value = "C?m"; VariantName = "[No Variations]"
Add component (AddParameter): Name = "Don_Vi"; Value = "Con"; VariantName = "[No Variations]"
Add component (AddParameter): Name = "Ghi_Chu"; Value = ""; VariantName = "[No Variations]"
Add component (AddParameter): Name = "Kieu_Chan"; Value = ""; VariantName = "[No Variations]"
Add component (AddParameter): Name = "Ma_Hang"; Value = "MH008968"; VariantName = "[No Variations]"
Add component (AddParameter): Name = "Ten_Linh_Kien"; Value = "Led 5MM Ph? Vàng (1000c)"; VariantName = "[No Variations]"
Added Component: Designator=L2(LED-5MM-BLUE)
Add component (AddParameter): Name = "Chung_Loai"; Value = "C?m"; VariantName = "[No Variations]"
Add component (AddParameter): Name = "Don_Vi"; Value = "Con"; VariantName = "[No Variations]"
Add component (AddParameter): Name = "Ghi_Chu"; Value = ""; VariantName = "[No Variations]"
Add component (AddParameter): Name = "Kieu_Chan"; Value = ""; VariantName = "[No Variations]"
Add component (AddParameter): Name = "Ma_Hang"; Value = "MH008987"; VariantName = "[No Variations]"
Add component (AddParameter): Name = "Ten_Linh_Kien"; Value = "Led 5MM Xanh Duong Ð?c (1000c)"; VariantName = "[No Variations]"
Added Component: Designator=L3(LED-5MM-RED)
Add component (AddParameter): Name = "Chung_Loai"; Value = "C?m"; VariantName = "[No Variations]"
Add component (AddParameter): Name = "Don_Vi"; Value = "Con"; VariantName = "[No Variations]"
Add component (AddParameter): Name = "Ghi_Chu"; Value = ""; VariantName = "[No Variations]"
Add component (AddParameter): Name = "Kieu_Chan"; Value = ""; VariantName = "[No Variations]"
Add component (AddParameter): Name = "Ma_Hang"; Value = "MH008967"; VariantName = "[No Variations]"
Add component (AddParameter): Name = "Ten_Linh_Kien"; Value = "Led 5MM Ph? Ð? (1000c)"; VariantName = "[No Variations]"
Added Component: Designator=LP1(LED-5MM-WHITE)
Add component (AddParameter): Name = "Chung_Loai"; Value = "C?m"; VariantName = "[No Variations]"
Add component (AddParameter): Name = "Don_Vi"; Value = "Con"; VariantName = "[No Variations]"
Add component (AddParameter): Name = "Ghi_Chu"; Value = ""; VariantName = "[No Variations]"
Add component (AddParameter): Name = "Kieu_Chan"; Value = ""; VariantName = "[No Variations]"
Add component (AddParameter): Name = "Ma_Hang"; Value = "MH008983"; VariantName = "[No Variations]"
Add component (AddParameter): Name = "Ten_Linh_Kien"; Value = "Led 5MM Tr?ng Ð?c (1000c)"; VariantName = "[No Variations]"
Added Component: Designator=LP2(LED-5MM-WHITE)
Add component (AddParameter): Name = "Chung_Loai"; Value = "C?m"; VariantName = "[No Variations]"
Add component (AddParameter): Name = "Don_Vi"; Value = "Con"; VariantName = "[No Variations]"
Add component (AddParameter): Name = "Ghi_Chu"; Value = ""; VariantName = "[No Variations]"
Add component (AddParameter): Name = "Kieu_Chan"; Value = ""; VariantName = "[No Variations]"
Add component (AddParameter): Name = "Ma_Hang"; Value = "MH008983"; VariantName = "[No Variations]"
Add component (AddParameter): Name = "Ten_Linh_Kien"; Value = "Led 5MM Tr?ng Ð?c (1000c)"; VariantName = "[No Variations]"
Added Component: Designator=R0(RES-SM-0603)
Add component (AddParameter): Name = "Value"; Value = "220R"; VariantName = "[No Variations]"
Added Component: Designator=R1(RES-SM-0603)
Add component (AddParameter): Name = "Value"; Value = "220R"; VariantName = "[No Variations]"
Added Component: Designator=R2(RES-SM-0603)
Add component (AddParameter): Name = "Value"; Value = "220R"; VariantName = "[No Variations]"
Added Component: Designator=R3(RES-SM-0603)
Add component (AddParameter): Name = "Value"; Value = "220R"; VariantName = "[No Variations]"
Added Component: Designator=R4(RES-SM-0603)
Add component (AddParameter): Name = "Value"; Value = "220R"; VariantName = "[No Variations]"
Added Pin To Net: NetName=GND Pin=H?-4
Added Pin To Net: NetName=GND Pin=IC1-7
Added Pin To Net: NetName=GND Pin=IC2-7
Added Pin To Net: NetName=GND Pin=L1-2
Added Pin To Net: NetName=GND Pin=L3-2
Added Pin To Net: NetName=GND Pin=LP1-2
Added Pin To Net: NetName=GND Pin=LP2-2
Added Net: Name=GND
Added Pin To Net: NetName=NetIC1_3 Pin=IC1-3
Added Pin To Net: NetName=NetIC1_3 Pin=R0-1
Added Pin To Net: NetName=NetIC1_3 Pin=R1-1
Added Net: Name=NetIC1_3
Added Pin To Net: NetName=NetIC2_6 Pin=IC2-6
Added Pin To Net: NetName=NetIC2_6 Pin=R2-1
Added Pin To Net: NetName=NetIC2_6 Pin=R3-1
Added Pin To Net: NetName=NetIC2_6 Pin=R4-1
Added Net: Name=NetIC2_6
Added Pin To Net: NetName=NetL1_1 Pin=L1-1
Added Pin To Net: NetName=NetL1_1 Pin=R1-2
Added Net: Name=NetL1_1
Added Pin To Net: NetName=NetL2_2 Pin=L2-2
Added Pin To Net: NetName=NetL2_2 Pin=R2-2
Added Net: Name=NetL2_2
Added Pin To Net: NetName=NetL3_1 Pin=L3-1
Added Pin To Net: NetName=NetL3_1 Pin=R3-2
Added Net: Name=NetL3_1
Added Pin To Net: NetName=NetLP1_1 Pin=LP1-1
Added Pin To Net: NetName=NetLP1_1 Pin=R0-2
Added Net: Name=NetLP1_1
Added Pin To Net: NetName=NetLP2_1 Pin=LP2-1
Added Pin To Net: NetName=NetLP2_1 Pin=R4-2
Added Net: Name=NetLP2_1
Added Pin To Net: NetName=Sig_1 Pin=H?-2
Added Pin To Net: NetName=Sig_1 Pin=IC1-2
Added Net: Name=Sig_1
Added Pin To Net: NetName=Sig_2 Pin=H?-1
Added Pin To Net: NetName=Sig_2 Pin=IC2-5
Added Net: Name=Sig_2
Added Pin To Net: NetName=VCC Pin=H?-3
Added Pin To Net: NetName=VCC Pin=IC1-1
Added Pin To Net: NetName=VCC Pin=IC1-14
Added Pin To Net: NetName=VCC Pin=IC2-4
Added Pin To Net: NetName=VCC Pin=IC2-14
Added Pin To Net: NetName=VCC Pin=L2-1
Added Net: Name=VCC
Added Class: Name=signal_transfer_Sch
Added Room: Name=signal_transfer_Sch
