Removed Pin From Net: NetName=IR_S1 Pin=IC?-1
Removed Pin From Net: NetName=NetC?_2 Pin=IC?-3
Removed Pin From Net: NetName=GND Pin=IC?-4
Removed Pin From Net: NetName=VCC Pin=IC?-8
Change Component Designator: OldDesignator=C5 NewDesignator=C13
Change Component Designator: OldDesignator=C8 NewDesignator=C14
Change Component Designator: OldDesignator=C9 NewDesignator=C15
Change Component Designator: OldDesignator=C? NewDesignator=C04
Change Component Designator: OldDesignator=C? NewDesignator=C05
Change Component Designator: OldDesignator=C? NewDesignator=C06
Change Component Designator: OldDesignator=C? NewDesignator=C07
Change Component Designator: OldDesignator=C? NewDesignator=C08
Change Component Designator: OldDesignator=C? NewDesignator=C09
Change Component Designator: OldDesignator=C? NewDesignator=C10
Change Component Designator: OldDesignator=C? NewDesignator=C11
Change Component Designator: OldDesignator=C? NewDesignator=C12
Change Component Designator: OldDesignator=IC? NewDesignator=IC2
Change Component Designator: OldDesignator=LT? NewDesignator=LT1
Change Component Designator: OldDesignator=R? NewDesignator=R05
Change Component Designator: OldDesignator=R? NewDesignator=R06
Change Component Designator: OldDesignator=R? NewDesignator=R07
Change Component Designator: OldDesignator=R? NewDesignator=R08
Change Component Designator: OldDesignator=R? NewDesignator=R09
Change Component Designator: OldDesignator=R? NewDesignator=R10
Change Component Designator: OldDesignator=R? NewDesignator=R11
Change Component Designator: OldDesignator=R? NewDesignator=R12
Added Component: Designator=C01(CAP-SM-0603)
Add component (AddParameter): Name = "Value"; Value = "0.1uF"; VariantName = "[No Variations]"
Added Component: Designator=C02(CAP-SM-0603)
Add component (AddParameter): Name = "Value"; Value = "0.1uF"; VariantName = "[No Variations]"
Added Component: Designator=C03(CAP-SM-0603)
Add component (AddParameter): Name = "Value"; Value = "0.1uF"; VariantName = "[No Variations]"
Added Pin To Net: NetName=VCC Pin=C01-1
Added Pin To Net: NetName=GND Pin=C01-2
Added Pin To Net: NetName=VCC Pin=C02-1
Added Pin To Net: NetName=GND Pin=C02-2
Added Pin To Net: NetName=VCC Pin=C03-1
Added Pin To Net: NetName=GND Pin=C03-2
Added Pin To Net: NetName=IR_S1 Pin=H?-1
Added Pin To Net: NetName=IR_S2 Pin=H?-2
Added Pin To Net: NetName=IR_S1 Pin=IC2-1
Added Pin To Net: NetName=NetC?_2 Pin=IC2-3
Added Pin To Net: NetName=GND Pin=IC2-4
Added Pin To Net: NetName=VCC Pin=IC2-8
Change Net Name : Old Net Name=NetC9_1 New Net Name=NetC15_1
Change Net Name : Old Net Name=NetC?_1 New Net Name=NetC11_1
Change Net Name : Old Net Name=NetC?_2 New Net Name=NetC05_2
Added Pin To Net: NetName=NetC08_1 Pin=C08-1
Added Pin To Net: NetName=NetC08_1 Pin=IC2-2
Added Pin To Net: NetName=NetC08_1 Pin=LT1-2
Added Pin To Net: NetName=NetC08_1 Pin=R05-1
Added Net: Name=NetC08_1
Added Pin To Net: NetName=NetC10_1 Pin=C10-1
Added Pin To Net: NetName=NetC10_1 Pin=IC2-5
Added Pin To Net: NetName=NetC10_1 Pin=R10-1
Added Pin To Net: NetName=NetC10_1 Pin=R11-2
Added Net: Name=NetC10_1
Added Member To Class: ClassName=signal_transfer_Sch Member=Component C01 Cap Non-Pol SMD
Added Member To Class: ClassName=signal_transfer_Sch Member=Component C02 Cap Non-Pol SMD
Added Member To Class: ClassName=signal_transfer_Sch Member=Component C03 Cap Non-Pol SMD
Added Member To Class: ClassName=signal_transfer_Sch Member=Component C04 Cap Non-Pol SMD
Added Member To Class: ClassName=signal_transfer_Sch Member=Component C05 Cap Non-Pol SMD
Added Member To Class: ClassName=signal_transfer_Sch Member=Component C06 Cap Non-Pol SMD
Added Member To Class: ClassName=signal_transfer_Sch Member=Component C07 Cap Non-Pol SMD
Added Member To Class: ClassName=signal_transfer_Sch Member=Component C08 Cap Non-Pol SMD
Added Member To Class: ClassName=signal_transfer_Sch Member=Component C10 Cap Non-Pol SMD
Added Member To Class: ClassName=signal_transfer_Sch Member=Component C11 Cap Non-Pol SMD
Added Member To Class: ClassName=signal_transfer_Sch Member=Component C12 Cap Non-Pol SMD
Added Member To Class: ClassName=signal_transfer_Sch Member=Component LT1 LED 5mm
Added Member To Class: ClassName=signal_transfer_Sch Member=Component R05 RESISTOR SMD
Added Member To Class: ClassName=signal_transfer_Sch Member=Component R06 RESISTOR SMD
Added Member To Class: ClassName=signal_transfer_Sch Member=Component R07 RESISTOR SMD
Added Member To Class: ClassName=signal_transfer_Sch Member=Component R08 RESISTOR SMD
Added Member To Class: ClassName=signal_transfer_Sch Member=Component R10 RESISTOR SMD
Added Member To Class: ClassName=signal_transfer_Sch Member=Component R11 RESISTOR SMD
Added Member To Class: ClassName=signal_transfer_Sch Member=Component R12 RESISTOR SMD
