Removed Pin From Net: NetName=VCC Pin=C0-1
Removed Pin From Net: NetName=GND Pin=C0-2
Removed Member From Class: ClassName=signal_transfer_Sch Member=C0
Change Component Designator: OldDesignator=C1 NewDesignator=C00
Added Component: Designator=C?(CAP-SM-0603)
Add component (AddParameter): Name = "Value"; Value = "0.1uF"; VariantName = "[No Variations]"
Added Component: Designator=C?(CAP-SM-0603)
Add component (AddParameter): Name = "Value"; Value = "0.1uF"; VariantName = "[No Variations]"
Added Component: Designator=C?(CAP-SM-0603)
Add component (AddParameter): Name = "Value"; Value = "0.1uF"; VariantName = "[No Variations]"
Added Component: Designator=C?(CAP-SM-0603)
Add component (AddParameter): Name = "Value"; Value = "0.1uF"; VariantName = "[No Variations]"
Added Component: Designator=C?(CAP-SM-0603)
Add component (AddParameter): Name = "Value"; Value = "0.1uF"; VariantName = "[No Variations]"
Added Component: Designator=C?(CAP-SM-0603)
Add component (AddParameter): Name = "Value"; Value = "0.1uF"; VariantName = "[No Variations]"
Added Component: Designator=C?(CAP-SM-0603)
Add component (AddParameter): Name = "Value"; Value = "0.1uF"; VariantName = "[No Variations]"
Added Component: Designator=C?(CAP-SM-0603)
Add component (AddParameter): Name = "Value"; Value = "0.1uF"; VariantName = "[No Variations]"
Added Component: Designator=C?(CAP-SM-0603)
Add component (AddParameter): Name = "Value"; Value = "0.1uF"; VariantName = "[No Variations]"
Added Component: Designator=H?(XH2.54M-2)
Add component (AddParameter): Name = "Chung_Loai"; Value = "C?m"; VariantName = "[No Variations]"
Add component (AddParameter): Name = "Don_Vi"; Value = "Con"; VariantName = "[No Variations]"
Add component (AddParameter): Name = "Ghi_Chu"; Value = ""; VariantName = "[No Variations]"
Add component (AddParameter): Name = "Kieu_Chan"; Value = ""; VariantName = "[No Variations]"
Add component (AddParameter): Name = "Ma_Hang"; Value = "MH001283"; VariantName = "[No Variations]"
Add component (AddParameter): Name = "Ten_Linh_Kien"; Value = "Header 2P XH2.54-2P Ð?c Th?ng"; VariantName = "[No Variations]"
Added Component: Designator=IC?(SO8)
Add component (AddParameter): Name = "Value"; Value = "LM358"; VariantName = "[No Variations]"
Added Component: Designator=IC?(SO8)
Add component (AddParameter): Name = "Value"; Value = "LM358"; VariantName = "[No Variations]"
Added Component: Designator=LT?(LED-5MM-WHITE)
Add component (AddParameter): Name = "Chung_Loai"; Value = "C?m"; VariantName = "[No Variations]"
Add component (AddParameter): Name = "Don_Vi"; Value = "Con"; VariantName = "[No Variations]"
Add component (AddParameter): Name = "Ghi_Chu"; Value = ""; VariantName = "[No Variations]"
Add component (AddParameter): Name = "Kieu_Chan"; Value = ""; VariantName = "[No Variations]"
Add component (AddParameter): Name = "Ma_Hang"; Value = "MH008983"; VariantName = "[No Variations]"
Add component (AddParameter): Name = "Ten_Linh_Kien"; Value = "Led 5MM Tr?ng Ð?c (1000c)"; VariantName = "[No Variations]"
Added Component: Designator=LT?(LED-5MM-WHITE)
Add component (AddParameter): Name = "Chung_Loai"; Value = "C?m"; VariantName = "[No Variations]"
Add component (AddParameter): Name = "Don_Vi"; Value = "Con"; VariantName = "[No Variations]"
Add component (AddParameter): Name = "Ghi_Chu"; Value = ""; VariantName = "[No Variations]"
Add component (AddParameter): Name = "Kieu_Chan"; Value = ""; VariantName = "[No Variations]"
Add component (AddParameter): Name = "Ma_Hang"; Value = "MH008983"; VariantName = "[No Variations]"
Add component (AddParameter): Name = "Ten_Linh_Kien"; Value = "Led 5MM Tr?ng Ð?c (1000c)"; VariantName = "[No Variations]"
Added Component: Designator=R?(RES-SM-0603)
Add component (AddParameter): Name = "Value"; Value = "27k"; VariantName = "[No Variations]"
Added Component: Designator=R?(RES-SM-0603)
Add component (AddParameter): Name = "Value"; Value = "18k"; VariantName = "[No Variations]"
Added Component: Designator=R?(RES-SM-0603)
Add component (AddParameter): Name = "Value"; Value = "10K"; VariantName = "[No Variations]"
Added Component: Designator=R?(RES-SM-0603)
Add component (AddParameter): Name = "Value"; Value = "18k"; VariantName = "[No Variations]"
Added Component: Designator=R?(RES-SM-0603)
Add component (AddParameter): Name = "Value"; Value = "27k"; VariantName = "[No Variations]"
Added Component: Designator=R?(RES-SM-0603)
Add component (AddParameter): Name = "Value"; Value = "10K"; VariantName = "[No Variations]"
Added Component: Designator=R?(RES-SM-0603)
Add component (AddParameter): Name = "Value"; Value = "10K"; VariantName = "[No Variations]"
Added Component: Designator=R?(RES-SM-0603)
Add component (AddParameter): Name = "Value"; Value = "10K"; VariantName = "[No Variations]"
Added Pin To Net: NetName=GND Pin=C?-1
Added Pin To Net: NetName=VCC Pin=C?-1
Added Pin To Net: NetName=VCC Pin=C?-1
Added Pin To Net: NetName=VCC Pin=C?-1
Added Pin To Net: NetName=GND Pin=C?-2
Added Pin To Net: NetName=GND Pin=C?-2
Added Pin To Net: NetName=GND Pin=C?-2
Added Pin To Net: NetName=GND Pin=C?-2
Added Pin To Net: NetName=GND Pin=C?-2
Added Pin To Net: NetName=GND Pin=C?-2
Added Pin To Net: NetName=GND Pin=C?-2
Added Pin To Net: NetName=GND Pin=C?-2
Added Pin To Net: NetName=GND Pin=IC?-4
Added Pin To Net: NetName=VCC Pin=IC?-8
Added Pin To Net: NetName=GND Pin=LT?-1
Added Pin To Net: NetName=GND Pin=LT?-1
Added Pin To Net: NetName=GND Pin=R?-1
Added Pin To Net: NetName=GND Pin=R?-1
Added Pin To Net: NetName=GND Pin=R?-1
Added Pin To Net: NetName=GND Pin=R?-1
Added Pin To Net: NetName=VCC Pin=R?-2
Added Pin To Net: NetName=VCC Pin=R?-2
Added Pin To Net: NetName=VCC Pin=R?-2
Added Pin To Net: NetName=VCC Pin=R?-2
Added Pin To Net: NetName=IR_S1 Pin=C?-1
Added Pin To Net: NetName=IR_S1 Pin=IC?-1
Added Pin To Net: NetName=IR_S1 Pin=R?-2
Added Net: Name=IR_S1
Added Pin To Net: NetName=IR_S2 Pin=C?-1
Added Pin To Net: NetName=IR_S2 Pin=IC?-7
Added Pin To Net: NetName=IR_S2 Pin=R?-2
Added Net: Name=IR_S2
Added Pin To Net: NetName=NetC?_1 Pin=C?-1
Added Pin To Net: NetName=NetC?_1 Pin=IC?-6
Added Pin To Net: NetName=NetC?_1 Pin=LT?-2
Added Pin To Net: NetName=NetC?_1 Pin=R?-1
Added Net: Name=NetC?_1
Added Pin To Net: NetName=NetC?_2 Pin=C?-2
Added Pin To Net: NetName=NetC?_2 Pin=IC?-3
Added Pin To Net: NetName=NetC?_2 Pin=R?-1
Added Pin To Net: NetName=NetC?_2 Pin=R?-2
Added Net: Name=NetC?_2
Added Member To Class: ClassName=signal_transfer_Sch Member=Component C? Cap Non-Pol SMD
Added Member To Class: ClassName=signal_transfer_Sch Member=Component C? Cap Non-Pol SMD
Added Member To Class: ClassName=signal_transfer_Sch Member=Component C? Cap Non-Pol SMD
Added Member To Class: ClassName=signal_transfer_Sch Member=Component C? Cap Non-Pol SMD
Added Member To Class: ClassName=signal_transfer_Sch Member=Component C? Cap Non-Pol SMD
Added Member To Class: ClassName=signal_transfer_Sch Member=Component C? Cap Non-Pol SMD
Added Member To Class: ClassName=signal_transfer_Sch Member=Component C? Cap Non-Pol SMD
Added Member To Class: ClassName=signal_transfer_Sch Member=Component C? Cap Non-Pol SMD
Added Member To Class: ClassName=signal_transfer_Sch Member=Component C? Cap Non-Pol SMD
Added Member To Class: ClassName=signal_transfer_Sch Member=Component H? Header 2P 2.54 Duc Thang
Added Member To Class: ClassName=signal_transfer_Sch Member=Component IC? LM358
Added Member To Class: ClassName=signal_transfer_Sch Member=Component IC? LM358
Added Member To Class: ClassName=signal_transfer_Sch Member=Component LT? LED 5mm
Added Member To Class: ClassName=signal_transfer_Sch Member=Component LT? LED 5mm
Added Member To Class: ClassName=signal_transfer_Sch Member=Component R? RESISTOR SMD
Added Member To Class: ClassName=signal_transfer_Sch Member=Component R? RESISTOR SMD
Added Member To Class: ClassName=signal_transfer_Sch Member=Component R? RESISTOR SMD
Added Member To Class: ClassName=signal_transfer_Sch Member=Component R? RESISTOR SMD
Added Member To Class: ClassName=signal_transfer_Sch Member=Component R? RESISTOR SMD
Added Member To Class: ClassName=signal_transfer_Sch Member=Component R? RESISTOR SMD
Added Member To Class: ClassName=signal_transfer_Sch Member=Component R? RESISTOR SMD
Added Member To Class: ClassName=signal_transfer_Sch Member=Component R? RESISTOR SMD
Added Room: Name=signal_transfer_Sch
