Removed Pin From Net: NetName=VCC Pin=Sensor1-1
Removed Pin From Net: NetName=GND Pin=Sensor1-2
Removed Pin From Net: NetName=VCC Pin=Sensor2-1
Removed Pin From Net: NetName=GND Pin=Sensor2-2
Removed Pin From Net: NetName=VCC Pin=Sensor3-1
Removed Pin From Net: NetName=GND Pin=Sensor3-2
Removed Pin From Net: NetName=VCC Pin=Sensor4-1
Removed Pin From Net: NetName=GND Pin=Sensor4-2
Removed Pin From Net: NetName=VCC Pin=Sensor5-1
Removed Pin From Net: NetName=GND Pin=Sensor5-2
Removed Member From Class: ClassName=Hall_Sensor_SMD_Sch Member=Sensor1
Removed Member From Class: ClassName=Hall_Sensor_SMD_Sch Member=Sensor2
Removed Member From Class: ClassName=Hall_Sensor_SMD_Sch Member=Sensor3
Removed Member From Class: ClassName=Hall_Sensor_SMD_Sch Member=Sensor4
Removed Member From Class: ClassName=Hall_Sensor_SMD_Sch Member=Sensor5
Added Pin To Net: NetName=NetSensor?_1 Pin=Sensor?-1
Added Net: Name=NetSensor?_1
Added Pin To Net: NetName=NetSensor?_2 Pin=Sensor?-2
Added Net: Name=NetSensor?_2
Added Pin To Net: NetName=NetSensor?_3 Pin=Sensor?-3
Added Net: Name=NetSensor?_3
Added Pin To Net: NetName=NetSensor?_4 Pin=Sensor?-4
Added Net: Name=NetSensor?_4
Added Pin To Net: NetName=NetSensor?_5 Pin=Sensor?-5
Added Net: Name=NetSensor?_5
Added Room: Name=Hall_Sensor_SMD_Sch
