Added Pin To Net: NetName=GND Pin=AMS-3V3-1
Added Pin To Net: NetName=3V3 Pin=AMS-3V3-2
Added Pin To Net: NetName=5V Pin=AMS-3V3-3
Added Pin To Net: NetName=3V3 Pin=AMS-3V3-4
Added Pin To Net: NetName=Vin Pin=C00-1
Added Pin To Net: NetName=GND Pin=C00-2
Added Pin To Net: NetName=GND Pin=C01-1
Added Pin To Net: NetName=Vin Pin=C01-2
Added Pin To Net: NetName=5V Pin=C03-1
Added Pin To Net: NetName=GND Pin=C03-2
Added Pin To Net: NetName=GND Pin=C04-1
Added Pin To Net: NetName=5V Pin=C04-2
Added Pin To Net: NetName=GND Pin=C06-1
Added Pin To Net: NetName=5V Pin=C06-2
Added Pin To Net: NetName=3V3 Pin=C07-1
Added Pin To Net: NetName=GND Pin=C07-2
Added Pin To Net: NetName=GND Pin=C08-1
Added Pin To Net: NetName=3V3 Pin=C08-2
Added Pin To Net: NetName=GND Pin=C09-1
Added Pin To Net: NetName=D0 Pin=C09-2
Added Pin To Net: NetName=GND Pin=C10-1
Added Pin To Net: NetName=5V Pin=C10-2
Added Pin To Net: NetName=GND Pin=C11-1
Added Pin To Net: NetName=5V Pin=C11-2
Added Pin To Net: NetName=NetD00_1 Pin=D00-1
Added Pin To Net: NetName=Vin Pin=D00-2
Added Pin To Net: NetName=GND Pin=D01-1
Added Pin To Net: NetName=NetD01_2 Pin=D01-2
Added Pin To Net: NetName=3V3 Pin=D02-1
Added Pin To Net: NetName=5V Pin=D02-2
Added Pin To Net: NetName=NetF00_1 Pin=F00-1
Added Pin To Net: NetName=NetD00_1 Pin=F00-2
Added Pin To Net: NetName=NetD01_2 Pin=L1-1
Added Pin To Net: NetName=5V Pin=L1-2
Added Pin To Net: NetName=NetLED1_1 Pin=LED1-1
Added Pin To Net: NetName=GND Pin=LED1-2
Added Pin To Net: NetName=Vin Pin=LM-5V-1
Added Pin To Net: NetName=NetD01_2 Pin=LM-5V-2
Added Pin To Net: NetName=GND Pin=LM-5V-3
Added Pin To Net: NetName=5V Pin=LM-5V-4
Added Pin To Net: NetName=GND Pin=LM-5V-5
Added Pin To Net: NetName=GND Pin=LM-5V-6
Added Pin To Net: NetName=NetPower_1 Pin=Power-1
Added Pin To Net: NetName=NetPower_2 Pin=Power-2
Added Pin To Net: NetName=NetPower_2 Pin=Power-3
Added Pin To Net: NetName=GND Pin=Power-4
Added Pin To Net: NetName=Vin Pin=R00-1
Added Pin To Net: NetName=NetLED1_1 Pin=R00-2
Added Pin To Net: NetName=D0 Pin=R01-1
Added Pin To Net: NetName=3V3 Pin=R01-2
Added Pin To Net: NetName=Sig1 Pin=Servo1-1
Added Pin To Net: NetName=5V Pin=Servo1-2
Added Pin To Net: NetName=GND Pin=Servo1-3
Added Pin To Net: NetName=Sig2 Pin=Servo2-1
Added Pin To Net: NetName=5V Pin=Servo2-2
Added Pin To Net: NetName=GND Pin=Servo2-3
Added Pin To Net: NetName=NetPower_1 Pin=SW0-1
Added Pin To Net: NetName=NetF00_1 Pin=SW0-2
Added Pin To Net: NetName=GND Pin=SW1-1
Added Pin To Net: NetName=GND Pin=SW1-1
Added Pin To Net: NetName=D0 Pin=SW1-2
Added Pin To Net: NetName=D0 Pin=SW1-2
Added Pin To Net: NetName=GND Pin=U1-J1_10
Added Pin To Net: NetName=GND Pin=U1-J1_14
Added Pin To Net: NetName=3V3 Pin=U1-J1_15
Added Pin To Net: NetName=D0 Pin=U1-J2_1
Added Pin To Net: NetName=Sig1 Pin=U1-J2_8
Added Pin To Net: NetName=Sig2 Pin=U1-J2_9
Added Pin To Net: NetName=GND Pin=U1-J2_14
Added Pin To Net: NetName=3V3 Pin=U1-J2_15
Added Member To Class: ClassName=Receive_Station_Sch Member=Component AMS-3V3 AMS1117-3.3V
Added Member To Class: ClassName=Receive_Station_Sch Member=Component C00 Cap Pol SMD
Added Member To Class: ClassName=Receive_Station_Sch Member=Component C01 Cap Non-Pol SMD
Added Member To Class: ClassName=Receive_Station_Sch Member=Component C03 220uF
Added Member To Class: ClassName=Receive_Station_Sch Member=Component C04 Cap Non-Pol SMD
Added Member To Class: ClassName=Receive_Station_Sch Member=Component C06 Cap Non-Pol SMD
Added Member To Class: ClassName=Receive_Station_Sch Member=Component C07 220uF
Added Member To Class: ClassName=Receive_Station_Sch Member=Component C08 Cap Non-Pol SMD
Added Member To Class: ClassName=Receive_Station_Sch Member=Component C09 Cap Non-Pol SMD
Added Member To Class: ClassName=Receive_Station_Sch Member=Component C10 Cap Non-Pol SMD
Added Member To Class: ClassName=Receive_Station_Sch Member=Component C11 Cap Non-Pol SMD
Added Member To Class: ClassName=Receive_Station_Sch Member=Component D00 D Schottky
Added Member To Class: ClassName=Receive_Station_Sch Member=Component D01 D Schottky
Added Member To Class: ClassName=Receive_Station_Sch Member=Component D02 100v
Added Member To Class: ClassName=Receive_Station_Sch Member=Component F00 Fuse
Added Member To Class: ClassName=Receive_Station_Sch Member=Component L1 Inductor
Added Member To Class: ClassName=Receive_Station_Sch Member=Component LED1 LED SMD
Added Member To Class: ClassName=Receive_Station_Sch Member=Component LM-5V LM2576 5V SMD
Added Member To Class: ClassName=Receive_Station_Sch Member=Component Power
Added Member To Class: ClassName=Receive_Station_Sch Member=Component R00 RESISTOR SMD
Added Member To Class: ClassName=Receive_Station_Sch Member=Component R01 RESISTOR SMD
Added Member To Class: ClassName=Receive_Station_Sch Member=Component Servo1 Header 3
Added Member To Class: ClassName=Receive_Station_Sch Member=Component Servo2 Header 3
Added Member To Class: ClassName=Receive_Station_Sch Member=Component SW0 SWITCH 10A-2PIN
Added Member To Class: ClassName=Receive_Station_Sch Member=Component SW1 Nut Nhan 4 Chan Cam 6x6
Added Member To Class: ClassName=Receive_Station_Sch Member=Component U1 ESP8266
Added Room: Name=Receive_Station_Sch
