Added Component: Designator=16(CAP-SM-0603)
Add component (AddParameter): Name = "Value"; Value = "0.1uF"; VariantName = "[No Variations]"
Added Component: Designator=20(CAP-SM-0603)
Add component (AddParameter): Name = "Value"; Value = "0.1uF"; VariantName = "[No Variations]"
Added Component: Designator=C13(CAP-SM-0603)
Add component (AddParameter): Name = "Value"; Value = "0.1uF"; VariantName = "[No Variations]"
Added Component: Designator=C14(CAP-SM-0603)
Add component (AddParameter): Name = "Value"; Value = "0.1uF"; VariantName = "[No Variations]"
Added Component: Designator=C15(CAP-SM-0603)
Add component (AddParameter): Name = "Value"; Value = "0.1uF"; VariantName = "[No Variations]"
Added Component: Designator=C17(CAP-SM-0603)
Add component (AddParameter): Name = "Value"; Value = "0.1uF"; VariantName = "[No Variations]"
Added Component: Designator=C18(CAP-SM-0603)
Add component (AddParameter): Name = "Value"; Value = "0.1uF"; VariantName = "[No Variations]"
Added Component: Designator=C19(CAP-SM-0603)
Add component (AddParameter): Name = "Value"; Value = "0.1uF"; VariantName = "[No Variations]"
Added Pin To Net: NetName=GND Pin=16-1
Added Pin To Net: NetName=D7 Pin=16-2
Added Pin To Net: NetName=GND Pin=20-1
Added Pin To Net: NetName=D3 Pin=20-2
Added Pin To Net: NetName=GND Pin=C13-1
Added Pin To Net: NetName=D10 Pin=C13-2
Added Pin To Net: NetName=GND Pin=C14-1
Added Pin To Net: NetName=D9 Pin=C14-2
Added Pin To Net: NetName=GND Pin=C15-1
Added Pin To Net: NetName=D8 Pin=C15-2
Added Pin To Net: NetName=GND Pin=C17-1
Added Pin To Net: NetName=D6 Pin=C17-2
Added Pin To Net: NetName=GND Pin=C18-1
Added Pin To Net: NetName=D5 Pin=C18-2
Added Pin To Net: NetName=GND Pin=C19-1
Added Pin To Net: NetName=D4 Pin=C19-2
Added Member To Class: ClassName=Receive_Station_Sch Member=Component 16 Cap Non-Pol SMD
Added Member To Class: ClassName=Receive_Station_Sch Member=Component 20 Cap Non-Pol SMD
Added Member To Class: ClassName=Receive_Station_Sch Member=Component C13 Cap Non-Pol SMD
Added Member To Class: ClassName=Receive_Station_Sch Member=Component C14 Cap Non-Pol SMD
Added Member To Class: ClassName=Receive_Station_Sch Member=Component C15 Cap Non-Pol SMD
Added Member To Class: ClassName=Receive_Station_Sch Member=Component C17 Cap Non-Pol SMD
Added Member To Class: ClassName=Receive_Station_Sch Member=Component C18 Cap Non-Pol SMD
Added Member To Class: ClassName=Receive_Station_Sch Member=Component C19 Cap Non-Pol SMD
Added Room: Name=Receive_Station_Sch
